INFO     app.main:main.py:22 Application startup initiated
INFO     app.main:main.py:26 Database tables created successfully
INFO     app.main:main.py:31 Application startup completed
ERROR    tests.integration.conftest:conftest.py:41 Error in override_get_db
Traceback (most recent call last):
  File "/home/runner/work/interview/interview/tests/integration/conftest.py", line 39, in override_get_db
    yield db
  File "/home/runner/work/interview/interview/.venv/lib/python3.13/site-packages/fastapi/concurrency.py", line 27, in contextmanager_in_threadpool
    yield await run_in_threadpool(cm.__enter__)
  File "/home/runner/work/interview/interview/.venv/lib/python3.13/site-packages/fastapi/routing.py", line 302, in app
    raw_response = await run_endpoint_function(
                   ^^^^^^^^^^^^^^^^^^^^^^^^^^^^
    ...<3 lines>...
    )
    ^
  File "/home/runner/work/interview/interview/.venv/lib/python3.13/site-packages/fastapi/routing.py", line 215, in run_endpoint_function
    return await run_in_threadpool(dependant.call, **values)
           ^^^^^^^^^^^^^^^^^^^^^^^^^^^^^^^^^^^^^^^^^^^^^^^^^
  File "/home/runner/work/interview/interview/.venv/lib/python3.13/site-packages/starlette/concurrency.py", line 38, in run_in_threadpool
    return await anyio.to_thread.run_sync(func)
           ^^^^^^^^^^^^^^^^^^^^^^^^^^^^^^^^^^^^
  File "/home/runner/work/interview/interview/.venv/lib/python3.13/site-packages/anyio/to_thread.py", line 56, in run_sync
    return await get_async_backend().run_sync_in_worker_thread(
           ^^^^^^^^^^^^^^^^^^^^^^^^^^^^^^^^^^^^^^^^^^^^^^^^^^^^
        func, args, abandon_on_cancel=abandon_on_cancel, limiter=limiter
        ^^^^^^^^^^^^^^^^^^^^^^^^^^^^^^^^^^^^^^^^^^^^^^^^^^^^^^^^^^^^^^^^
    )
    ^
  File "/home/runner/work/interview/interview/.venv/lib/python3.13/site-packages/anyio/_backends/_asyncio.py", line 2476, in run_sync_in_worker_thread
    return await future
           ^^^^^^^^^^^^
  File "/home/runner/work/interview/interview/.venv/lib/python3.13/site-packages/anyio/_backends/_asyncio.py", line 967, in run
    result = context.run(func, *args)
  File "/home/runner/work/interview/interview/backend/app/api/v1/endpoints/categories.py", line 53, in update_category
    raise HTTPException(status_code=404, detail="Category not found")
fastapi.exceptions.HTTPException: 404: Category not found
INFO     httpx:_client.py:1025 HTTP Request: PUT http://testserver/api/v1/categories/99999 "HTTP/1.1 404 Not Found"
INFO     app.main:main.py:35 Application shutdown initiated
INFO     app.main:main.py:37 Application shutdown completed